> Task :compileJava
> Task :processResources
> Task :classes
> Task :bootRunMainClassName

> Task :bootRun
15:00:24.992 [Thread-0] DEBUG org.springframework.boot.devtools.restart.classloader.RestartClassLoader - Created RestartClassLoader org.springframework.boot.devtools.restart.classloader.RestartClassLoader@1f1b7a12

  .   ____          _            __ _ _
 /\\ / ___'_ __ _ _(_)_ __  __ _ \ \ \ \
( ( )\___ | '_ | '_| | '_ \/ _` | \ \ \ \
 \\/  ___)| |_)| | | | | || (_| |  ) ) ) )
  '  |____| .__|_| |_|_| |_\__, | / / / /
 =========|_|==============|___/=/_/_/_/
 :: Spring Boot ::                (v2.7.2)

2025-12-17 15:00:25.218  INFO 10788 --- [  restartedMain] com.sc1hub.SC1HubApplication             : Starting SC1HubApplication using Java 17 on PINWORMMY with PID 10788 (D:\dev\workspace\SC1hub\build\classes\java\main started by erl in D:\dev\workspace\SC1hub)
2025-12-17 15:00:25.219 DEBUG 10788 --- [  restartedMain] com.sc1hub.SC1HubApplication             : Running with Spring Boot v2.7.2, Spring v5.3.22
2025-12-17 15:00:25.219  INFO 10788 --- [  restartedMain] com.sc1hub.SC1HubApplication             : The following 1 profile is active: "local"
2025-12-17 15:00:25.252  INFO 10788 --- [  restartedMain] .e.DevToolsPropertyDefaultsPostProcessor : Devtools property defaults active! Set 'spring.devtools.add-properties' to 'false' to disable
2025-12-17 15:00:25.256  INFO 10788 --- [  restartedMain] .e.DevToolsPropertyDefaultsPostProcessor : For additional web related logging consider setting the 'logging.level.web' property to 'DEBUG'
2025-12-17 15:00:26.021  INFO 10788 --- [  restartedMain] o.s.b.w.embedded.tomcat.TomcatWebServer  : Tomcat initialized with port(s): 8082 (http) 80 (http)
2025-12-17 15:00:26.036  INFO 10788 --- [  restartedMain] o.apache.catalina.core.StandardService   : Starting service [Tomcat]
2025-12-17 15:00:26.037  INFO 10788 --- [  restartedMain] org.apache.catalina.core.StandardEngine  : Starting Servlet engine: [Apache Tomcat/9.0.65]
2025-12-17 15:00:26.189  INFO 10788 --- [  restartedMain] org.apache.jasper.servlet.TldScanner     : At least one JAR was scanned for TLDs yet contained no TLDs. Enable debug logging for this logger for a complete list of JARs that were scanned but no TLDs were found in them. Skipping unneeded JARs during scanning can improve startup time and JSP compilation time.
2025-12-17 15:00:26.193  INFO 10788 --- [  restartedMain] o.a.c.c.C.[Tomcat].[localhost].[/]       : Initializing Spring embedded WebApplicationContext
2025-12-17 15:00:26.193  INFO 10788 --- [  restartedMain] w.s.c.ServletWebServerApplicationContext : Root WebApplicationContext: initialization completed in 937 ms
2025-12-17 15:00:26.417 DEBUG 10788 --- [  restartedMain] com.sc1hub.config.EmailConfig            : 패스워드 확인: gozdbrixuyfkolig
2025-12-17 15:00:26.535  INFO 10788 --- [  restartedMain] o.s.b.a.w.s.WelcomePageHandlerMapping    : Adding welcome page template: index
2025-12-17 15:00:26.576 DEBUG 10788 --- [  restartedMain] com.sc1hub.config.WebConfig              : 업로드 컨피그 작동 확인 연결경로 : /img/**
2025-12-17 15:00:26.576 DEBUG 10788 --- [  restartedMain] com.sc1hub.config.WebConfig              : 업로드 컨피그 작동 확인 파일경로 : file:///C:/testsite/img/
2025-12-17 15:00:26.649  INFO 10788 --- [  restartedMain] o.s.b.d.a.OptionalLiveReloadServer       : LiveReload server is running on port 35729
2025-12-17 15:00:26.678  INFO 10788 --- [  restartedMain] o.s.b.w.embedded.tomcat.TomcatWebServer  : Tomcat started on port(s): 8082 (http) 80 (http) with context path ''
2025-12-17 15:00:26.687  INFO 10788 --- [  restartedMain] com.sc1hub.SC1HubApplication             : Started SC1HubApplication in 1.688 seconds (JVM running for 1.953)
2025-12-17 15:00:56.410  INFO 10788 --- [nio-8082-exec-2] o.a.c.c.C.[Tomcat].[localhost].[/]       : Initializing Spring DispatcherServlet 'dispatcherServlet'
2025-12-17 15:00:56.410  INFO 10788 --- [nio-8082-exec-2] o.s.web.servlet.DispatcherServlet        : Initializing Servlet 'dispatcherServlet'
2025-12-17 15:00:56.411  INFO 10788 --- [nio-8082-exec-2] o.s.web.servlet.DispatcherServlet        : Completed initialization in 1 ms
2025-12-17 15:00:56.437  INFO 10788 --- [nio-8082-exec-2] com.zaxxer.hikari.HikariDataSource       : HikariPool-1 - Starting...
2025-12-17 15:00:56.543  INFO 10788 --- [nio-8082-exec-2] com.zaxxer.hikari.HikariDataSource       : HikariPool-1 - Start completed.
2025-12-17 15:00:56.552 DEBUG 10788 --- [nio-8082-exec-2] c.s.m.VisitorCountMapper.getTodayCount   : ==>  Preparing: SELECT daily_count FROM visitor_count WHERE date = ?
2025-12-17 15:00:56.573 DEBUG 10788 --- [nio-8082-exec-2] c.s.m.VisitorCountMapper.getTodayCount   : ==> Parameters: 2025-12-17(LocalDate)
2025-12-17 15:00:56.594 DEBUG 10788 --- [nio-8082-exec-2] c.s.m.VisitorCountMapper.getTodayCount   : <==      Total: 1
2025-12-17 15:00:56.598 DEBUG 10788 --- [nio-8082-exec-2] c.s.m.VisitorCountMapper.getTotalCount   : ==>  Preparing: SELECT total_count FROM total_visitor_count
2025-12-17 15:00:56.598 DEBUG 10788 --- [nio-8082-exec-2] c.s.m.VisitorCountMapper.getTotalCount   : ==> Parameters: 
2025-12-17 15:00:56.599 DEBUG 10788 --- [nio-8082-exec-2] c.s.m.VisitorCountMapper.getTotalCount   : <==      Total: 1
2025-12-17 15:00:56.606 DEBUG 10788 --- [nio-8082-exec-2] c.s.mapper.BoardMapper.getBoardList      : ==>  Preparing: select board_title, korean_title from board_list
2025-12-17 15:00:56.606 DEBUG 10788 --- [nio-8082-exec-2] c.s.mapper.BoardMapper.getBoardList      : ==> Parameters: 
2025-12-17 15:00:56.610 DEBUG 10788 --- [nio-8082-exec-2] c.s.mapper.BoardMapper.getBoardList      : <==      Total: 19
2025-12-17 15:00:56.623 DEBUG 10788 --- [nio-8082-exec-2] c.s.mapper.BoardMapper.modifyIdColumn    : ==>  Preparing: ALTER TABLE beginnerboard_comment MODIFY COLUMN id VARCHAR(50) NULL;
2025-12-17 15:00:56.623 DEBUG 10788 --- [nio-8082-exec-2] c.s.mapper.BoardMapper.modifyIdColumn    : ==> Parameters: 
2025-12-17 15:00:56.667 DEBUG 10788 --- [nio-8082-exec-2] c.s.mapper.BoardMapper.modifyIdColumn    : <==    Updates: 0
Modified table ID column: beginnerboard_comment
2025-12-17 15:00:56.668 DEBUG 10788 --- [nio-8082-exec-2] c.s.mapper.BoardMapper.modifyIdColumn    : ==>  Preparing: ALTER TABLE freeboard_comment MODIFY COLUMN id VARCHAR(50) NULL;
2025-12-17 15:00:56.668 DEBUG 10788 --- [nio-8082-exec-2] c.s.mapper.BoardMapper.modifyIdColumn    : ==> Parameters: 
2025-12-17 15:00:56.705 DEBUG 10788 --- [nio-8082-exec-2] c.s.mapper.BoardMapper.modifyIdColumn    : <==    Updates: 0
Modified table ID column: freeboard_comment
2025-12-17 15:00:56.706 DEBUG 10788 --- [nio-8082-exec-2] c.s.mapper.BoardMapper.modifyIdColumn    : ==>  Preparing: ALTER TABLE zvstboard_comment MODIFY COLUMN id VARCHAR(50) NULL;
2025-12-17 15:00:56.706 DEBUG 10788 --- [nio-8082-exec-2] c.s.mapper.BoardMapper.modifyIdColumn    : ==> Parameters: 
2025-12-17 15:00:56.738 DEBUG 10788 --- [nio-8082-exec-2] c.s.mapper.BoardMapper.modifyIdColumn    : <==    Updates: 0
Modified table ID column: zvstboard_comment
2025-12-17 15:00:56.738 DEBUG 10788 --- [nio-8082-exec-2] c.s.mapper.BoardMapper.modifyIdColumn    : ==>  Preparing: ALTER TABLE tvstBoard_comment MODIFY COLUMN id VARCHAR(50) NULL;
2025-12-17 15:00:56.738 DEBUG 10788 --- [nio-8082-exec-2] c.s.mapper.BoardMapper.modifyIdColumn    : ==> Parameters: 
2025-12-17 15:00:56.775 DEBUG 10788 --- [nio-8082-exec-2] c.s.mapper.BoardMapper.modifyIdColumn    : <==    Updates: 0
Modified table ID column: tvstBoard_comment
2025-12-17 15:00:56.776 DEBUG 10788 --- [nio-8082-exec-2] c.s.mapper.BoardMapper.modifyIdColumn    : ==>  Preparing: ALTER TABLE tvszBoard_comment MODIFY COLUMN id VARCHAR(50) NULL;
2025-12-17 15:00:56.776 DEBUG 10788 --- [nio-8082-exec-2] c.s.mapper.BoardMapper.modifyIdColumn    : ==> Parameters: 
2025-12-17 15:00:56.815 DEBUG 10788 --- [nio-8082-exec-2] c.s.mapper.BoardMapper.modifyIdColumn    : <==    Updates: 0
Modified table ID column: tvszBoard_comment
2025-12-17 15:00:56.816 DEBUG 10788 --- [nio-8082-exec-2] c.s.mapper.BoardMapper.modifyIdColumn    : ==>  Preparing: ALTER TABLE tvspBoard_comment MODIFY COLUMN id VARCHAR(50) NULL;
2025-12-17 15:00:56.816 DEBUG 10788 --- [nio-8082-exec-2] c.s.mapper.BoardMapper.modifyIdColumn    : ==> Parameters: 
2025-12-17 15:00:56.847 DEBUG 10788 --- [nio-8082-exec-2] c.s.mapper.BoardMapper.modifyIdColumn    : <==    Updates: 0
Modified table ID column: tvspBoard_comment
2025-12-17 15:00:56.848 DEBUG 10788 --- [nio-8082-exec-2] c.s.mapper.BoardMapper.modifyIdColumn    : ==>  Preparing: ALTER TABLE zvszBoard_comment MODIFY COLUMN id VARCHAR(50) NULL;
2025-12-17 15:00:56.848 DEBUG 10788 --- [nio-8082-exec-2] c.s.mapper.BoardMapper.modifyIdColumn    : ==> Parameters: 
2025-12-17 15:00:56.885 DEBUG 10788 --- [nio-8082-exec-2] c.s.mapper.BoardMapper.modifyIdColumn    : <==    Updates: 0
Modified table ID column: zvszBoard_comment
2025-12-17 15:00:56.885 DEBUG 10788 --- [nio-8082-exec-2] c.s.mapper.BoardMapper.modifyIdColumn    : ==>  Preparing: ALTER TABLE zvspBoard_comment MODIFY COLUMN id VARCHAR(50) NULL;
2025-12-17 15:00:56.885 DEBUG 10788 --- [nio-8082-exec-2] c.s.mapper.BoardMapper.modifyIdColumn    : ==> Parameters: 
2025-12-17 15:00:56.921 DEBUG 10788 --- [nio-8082-exec-2] c.s.mapper.BoardMapper.modifyIdColumn    : <==    Updates: 0
Modified table ID column: zvspBoard_comment
2025-12-17 15:00:56.921 DEBUG 10788 --- [nio-8082-exec-2] c.s.mapper.BoardMapper.modifyIdColumn    : ==>  Preparing: ALTER TABLE pvstBoard_comment MODIFY COLUMN id VARCHAR(50) NULL;
2025-12-17 15:00:56.921 DEBUG 10788 --- [nio-8082-exec-2] c.s.mapper.BoardMapper.modifyIdColumn    : ==> Parameters: 
2025-12-17 15:00:56.954 DEBUG 10788 --- [nio-8082-exec-2] c.s.mapper.BoardMapper.modifyIdColumn    : <==    Updates: 0
Modified table ID column: pvstBoard_comment
2025-12-17 15:00:56.955 DEBUG 10788 --- [nio-8082-exec-2] c.s.mapper.BoardMapper.modifyIdColumn    : ==>  Preparing: ALTER TABLE pvszBoard_comment MODIFY COLUMN id VARCHAR(50) NULL;
2025-12-17 15:00:56.955 DEBUG 10788 --- [nio-8082-exec-2] c.s.mapper.BoardMapper.modifyIdColumn    : ==> Parameters: 
2025-12-17 15:00:56.998 DEBUG 10788 --- [nio-8082-exec-2] c.s.mapper.BoardMapper.modifyIdColumn    : <==    Updates: 0
Modified table ID column: pvszBoard_comment
2025-12-17 15:00:56.999 DEBUG 10788 --- [nio-8082-exec-2] c.s.mapper.BoardMapper.modifyIdColumn    : ==>  Preparing: ALTER TABLE pvspBoard_comment MODIFY COLUMN id VARCHAR(50) NULL;
2025-12-17 15:00:57.000 DEBUG 10788 --- [nio-8082-exec-2] c.s.mapper.BoardMapper.modifyIdColumn    : ==> Parameters: 
2025-12-17 15:00:57.035 DEBUG 10788 --- [nio-8082-exec-2] c.s.mapper.BoardMapper.modifyIdColumn    : <==    Updates: 0
Modified table ID column: pvspBoard_comment
2025-12-17 15:00:57.036 DEBUG 10788 --- [nio-8082-exec-2] c.s.mapper.BoardMapper.modifyIdColumn    : ==>  Preparing: ALTER TABLE videoLinkBoard_comment MODIFY COLUMN id VARCHAR(50) NULL;
2025-12-17 15:00:57.036 DEBUG 10788 --- [nio-8082-exec-2] c.s.mapper.BoardMapper.modifyIdColumn    : ==> Parameters: 
2025-12-17 15:00:57.072 DEBUG 10788 --- [nio-8082-exec-2] c.s.mapper.BoardMapper.modifyIdColumn    : <==    Updates: 0
Modified table ID column: videoLinkBoard_comment
2025-12-17 15:00:57.072 DEBUG 10788 --- [nio-8082-exec-2] c.s.mapper.BoardMapper.modifyIdColumn    : ==>  Preparing: ALTER TABLE promotionBoard_comment MODIFY COLUMN id VARCHAR(50) NULL;
2025-12-17 15:00:57.073 DEBUG 10788 --- [nio-8082-exec-2] c.s.mapper.BoardMapper.modifyIdColumn    : ==> Parameters: 
2025-12-17 15:00:57.108 DEBUG 10788 --- [nio-8082-exec-2] c.s.mapper.BoardMapper.modifyIdColumn    : <==    Updates: 0
Modified table ID column: promotionBoard_comment
2025-12-17 15:00:57.108 DEBUG 10788 --- [nio-8082-exec-2] c.s.mapper.BoardMapper.modifyIdColumn    : ==>  Preparing: ALTER TABLE teamPlayGuideBoard_comment MODIFY COLUMN id VARCHAR(50) NULL;
2025-12-17 15:00:57.108 DEBUG 10788 --- [nio-8082-exec-2] c.s.mapper.BoardMapper.modifyIdColumn    : ==> Parameters: 
2025-12-17 15:00:57.145 DEBUG 10788 --- [nio-8082-exec-2] c.s.mapper.BoardMapper.modifyIdColumn    : <==    Updates: 0
Modified table ID column: teamPlayGuideBoard_comment
2025-12-17 15:00:57.145 DEBUG 10788 --- [nio-8082-exec-2] c.s.mapper.BoardMapper.modifyIdColumn    : ==>  Preparing: ALTER TABLE supportboard_comment MODIFY COLUMN id VARCHAR(50) NULL;
2025-12-17 15:00:57.145 DEBUG 10788 --- [nio-8082-exec-2] c.s.mapper.BoardMapper.modifyIdColumn    : ==> Parameters: 
2025-12-17 15:00:57.186 DEBUG 10788 --- [nio-8082-exec-2] c.s.mapper.BoardMapper.modifyIdColumn    : <==    Updates: 0
Modified table ID column: supportboard_comment
2025-12-17 15:00:57.187 DEBUG 10788 --- [nio-8082-exec-2] c.s.mapper.BoardMapper.modifyIdColumn    : ==>  Preparing: ALTER TABLE funboard_comment MODIFY COLUMN id VARCHAR(50) NULL;
2025-12-17 15:00:57.187 DEBUG 10788 --- [nio-8082-exec-2] c.s.mapper.BoardMapper.modifyIdColumn    : ==> Parameters: 
2025-12-17 15:00:57.226 DEBUG 10788 --- [nio-8082-exec-2] c.s.mapper.BoardMapper.modifyIdColumn    : <==    Updates: 0
Modified table ID column: funboard_comment
2025-12-17 15:00:57.226 DEBUG 10788 --- [nio-8082-exec-2] c.s.mapper.BoardMapper.modifyIdColumn    : ==>  Preparing: ALTER TABLE tipboard_comment MODIFY COLUMN id VARCHAR(50) NULL;
2025-12-17 15:00:57.226 DEBUG 10788 --- [nio-8082-exec-2] c.s.mapper.BoardMapper.modifyIdColumn    : ==> Parameters: 
2025-12-17 15:00:57.267 DEBUG 10788 --- [nio-8082-exec-2] c.s.mapper.BoardMapper.modifyIdColumn    : <==    Updates: 0
Modified table ID column: tipboard_comment
2025-12-17 15:00:57.267 DEBUG 10788 --- [nio-8082-exec-2] c.s.mapper.BoardMapper.modifyIdColumn    : ==>  Preparing: ALTER TABLE noticeboard_comment MODIFY COLUMN id VARCHAR(50) NULL;
2025-12-17 15:00:57.267 DEBUG 10788 --- [nio-8082-exec-2] c.s.mapper.BoardMapper.modifyIdColumn    : ==> Parameters: 
2025-12-17 15:00:57.311 DEBUG 10788 --- [nio-8082-exec-2] c.s.mapper.BoardMapper.modifyIdColumn    : <==    Updates: 0
Modified table ID column: noticeboard_comment
2025-12-17 15:00:57.311 DEBUG 10788 --- [nio-8082-exec-2] c.s.mapper.BoardMapper.modifyIdColumn    : ==>  Preparing: ALTER TABLE userguideboard_comment MODIFY COLUMN id VARCHAR(50) NULL;
2025-12-17 15:00:57.311 DEBUG 10788 --- [nio-8082-exec-2] c.s.mapper.BoardMapper.modifyIdColumn    : ==> Parameters: 
2025-12-17 15:00:57.348 DEBUG 10788 --- [nio-8082-exec-2] c.s.mapper.BoardMapper.modifyIdColumn    : <==    Updates: 0
Modified table ID column: userguideboard_comment
2025-12-17 15:02:13.306 DEBUG 10788 --- [nio-8082-exec-4] c.s.m.VisitorCountMapper.getTodayCount   : ==>  Preparing: SELECT daily_count FROM visitor_count WHERE date = ?
2025-12-17 15:02:13.306 DEBUG 10788 --- [nio-8082-exec-4] c.s.m.VisitorCountMapper.getTodayCount   : ==> Parameters: 2025-12-17(LocalDate)
2025-12-17 15:02:13.307 DEBUG 10788 --- [nio-8082-exec-4] c.s.m.VisitorCountMapper.getTodayCount   : <==      Total: 1
2025-12-17 15:02:13.307 DEBUG 10788 --- [nio-8082-exec-4] c.s.m.VisitorCountMapper.getTotalCount   : ==>  Preparing: SELECT total_count FROM total_visitor_count
2025-12-17 15:02:13.307 DEBUG 10788 --- [nio-8082-exec-4] c.s.m.VisitorCountMapper.getTotalCount   : ==> Parameters: 
2025-12-17 15:02:13.308 DEBUG 10788 --- [nio-8082-exec-4] c.s.m.VisitorCountMapper.getTotalCount   : <==      Total: 1
2025-12-17 15:02:13.317 DEBUG 10788 --- [nio-8082-exec-4] c.s.m.VisitorCountMapper.getTodayCount   : ==>  Preparing: SELECT daily_count FROM visitor_count WHERE date = ?
2025-12-17 15:02:13.318 DEBUG 10788 --- [nio-8082-exec-4] c.s.m.VisitorCountMapper.getTodayCount   : ==> Parameters: 2025-12-17(LocalDate)
2025-12-17 15:02:13.319 DEBUG 10788 --- [nio-8082-exec-4] c.s.m.VisitorCountMapper.getTodayCount   : <==      Total: 1
2025-12-17 15:02:13.319 DEBUG 10788 --- [nio-8082-exec-4] c.s.m.VisitorCountMapper.getTotalCount   : ==>  Preparing: SELECT total_count FROM total_visitor_count
2025-12-17 15:02:13.319 DEBUG 10788 --- [nio-8082-exec-4] c.s.m.VisitorCountMapper.getTotalCount   : ==> Parameters: 
2025-12-17 15:02:13.319 DEBUG 10788 --- [nio-8082-exec-4] c.s.m.VisitorCountMapper.getTotalCount   : <==      Total: 1
2025-12-17 15:02:13.761 DEBUG 10788 --- [nio-8082-exec-6] c.s.m.VisitorCountMapper.getTodayCount   : ==>  Preparing: SELECT daily_count FROM visitor_count WHERE date = ?
2025-12-17 15:02:13.762 DEBUG 10788 --- [nio-8082-exec-5] c.s.m.VisitorCountMapper.getTodayCount   : ==>  Preparing: SELECT daily_count FROM visitor_count WHERE date = ?
2025-12-17 15:02:13.762 DEBUG 10788 --- [nio-8082-exec-6] c.s.m.VisitorCountMapper.getTodayCount   : ==> Parameters: 2025-12-17(LocalDate)
2025-12-17 15:02:13.762 DEBUG 10788 --- [nio-8082-exec-5] c.s.m.VisitorCountMapper.getTodayCount   : ==> Parameters: 2025-12-17(LocalDate)
2025-12-17 15:02:13.763 DEBUG 10788 --- [nio-8082-exec-5] c.s.m.VisitorCountMapper.getTodayCount   : <==      Total: 1
2025-12-17 15:02:13.763 DEBUG 10788 --- [nio-8082-exec-6] c.s.m.VisitorCountMapper.getTodayCount   : <==      Total: 1
2025-12-17 15:02:13.764 DEBUG 10788 --- [nio-8082-exec-5] c.s.m.VisitorCountMapper.getTotalCount   : ==>  Preparing: SELECT total_count FROM total_visitor_count
2025-12-17 15:02:13.764 DEBUG 10788 --- [nio-8082-exec-6] c.s.m.VisitorCountMapper.getTotalCount   : ==>  Preparing: SELECT total_count FROM total_visitor_count
2025-12-17 15:02:13.764 DEBUG 10788 --- [nio-8082-exec-5] c.s.m.VisitorCountMapper.getTotalCount   : ==> Parameters: 
2025-12-17 15:02:13.764 DEBUG 10788 --- [nio-8082-exec-6] c.s.m.VisitorCountMapper.getTotalCount   : ==> Parameters: 
2025-12-17 15:02:13.764 DEBUG 10788 --- [nio-8082-exec-5] c.s.m.VisitorCountMapper.getTotalCount   : <==      Total: 1
2025-12-17 15:02:13.764 DEBUG 10788 --- [nio-8082-exec-6] c.s.m.VisitorCountMapper.getTotalCount   : <==      Total: 1
2025-12-17 15:02:13.804 DEBUG 10788 --- [nio-8082-exec-7] c.s.m.VisitorCountMapper.getTodayCount   : ==>  Preparing: SELECT daily_count FROM visitor_count WHERE date = ?
2025-12-17 15:02:13.804 DEBUG 10788 --- [nio-8082-exec-7] c.s.m.VisitorCountMapper.getTodayCount   : ==> Parameters: 2025-12-17(LocalDate)
2025-12-17 15:02:13.805 DEBUG 10788 --- [nio-8082-exec-7] c.s.m.VisitorCountMapper.getTodayCount   : <==      Total: 1
2025-12-17 15:02:13.806 DEBUG 10788 --- [nio-8082-exec-7] c.s.m.VisitorCountMapper.getTotalCount   : ==>  Preparing: SELECT total_count FROM total_visitor_count
2025-12-17 15:02:13.806 DEBUG 10788 --- [nio-8082-exec-7] c.s.m.VisitorCountMapper.getTotalCount   : ==> Parameters: 
2025-12-17 15:02:13.806 DEBUG 10788 --- [nio-8082-exec-7] c.s.m.VisitorCountMapper.getTotalCount   : <==      Total: 1
2025-12-17 15:02:13.807 DEBUG 10788 --- [nio-8082-exec-7] c.s.mapper.BoardMapper.showLatestPosts   : ==>  Preparing: select post_num, title, reg_date, 'beginnerboard' as board_title from beginnerboard union all select post_num, title, reg_date, 'freeboard' as board_title from freeboard union all select post_num,title, reg_date, 'funboard' as board_title from funboard union all select post_num,title, reg_date, 'noticeboard' as board_title from noticeboard union all select post_num,title, reg_date, 'promotionboard' as board_title from promotionboard union all select post_num,title, reg_date, 'pvspboard' as board_title from pvspboard union all select post_num,title, reg_date, 'pvstboard' as board_title from pvstboard union all select post_num,title, reg_date, 'pvszboard' as board_title from pvszboard union all select post_num,title, reg_date, 'supportboard' as board_title from supportboard union all select post_num,title, reg_date, 'teamplayguideboard' as board_title from teamplayguideboard union all select post_num,title, reg_date, 'tipboard' as board_title from tipboard union all select post_num,title, reg_date, 'tvspboard' as board_title from tvspboard union all select post_num,title, reg_date, 'tvstboard' as board_title from tvstboard union all select post_num,title, reg_date, 'tvszboard' as board_title from tvszboard union all select post_num,title, reg_date, 'userguideboard' as board_title from userguideboard union all select post_num,title, reg_date, 'videolinkboard' as board_title from videolinkboard union all select post_num,title, reg_date, 'zvspboard' as board_title from zvspboard union all select post_num,title, reg_date, 'zvstboard' as board_title from zvstboard union all select post_num,title, reg_date, 'zvszboard' as board_title from zvszboard order by reg_date desc limit 5;
2025-12-17 15:02:13.807 DEBUG 10788 --- [nio-8082-exec-7] c.s.mapper.BoardMapper.showLatestPosts   : ==> Parameters: 
2025-12-17 15:02:13.810 DEBUG 10788 --- [nio-8082-exec-7] c.s.mapper.BoardMapper.showLatestPosts   : <==      Total: 5
2025-12-17 15:02:13.847 DEBUG 10788 --- [nio-8082-exec-8] c.s.m.VisitorCountMapper.getTodayCount   : ==>  Preparing: SELECT daily_count FROM visitor_count WHERE date = ?
2025-12-17 15:02:13.847 DEBUG 10788 --- [nio-8082-exec-8] c.s.m.VisitorCountMapper.getTodayCount   : ==> Parameters: 2025-12-17(LocalDate)
2025-12-17 15:02:13.850 DEBUG 10788 --- [nio-8082-exec-8] c.s.m.VisitorCountMapper.getTodayCount   : <==      Total: 1
2025-12-17 15:02:13.851 DEBUG 10788 --- [nio-8082-exec-8] c.s.m.VisitorCountMapper.getTotalCount   : ==>  Preparing: SELECT total_count FROM total_visitor_count
2025-12-17 15:02:13.851 DEBUG 10788 --- [nio-8082-exec-8] c.s.m.VisitorCountMapper.getTotalCount   : ==> Parameters: 
2025-12-17 15:02:13.853 DEBUG 10788 --- [nio-8082-exec-8] c.s.m.VisitorCountMapper.getTotalCount   : <==      Total: 1
2025-12-17 15:02:13.956 DEBUG 10788 --- [nio-8082-exec-9] c.s.m.VisitorCountMapper.getTodayCount   : ==>  Preparing: SELECT daily_count FROM visitor_count WHERE date = ?
2025-12-17 15:02:13.957 DEBUG 10788 --- [nio-8082-exec-9] c.s.m.VisitorCountMapper.getTodayCount   : ==> Parameters: 2025-12-17(LocalDate)
2025-12-17 15:02:13.957 DEBUG 10788 --- [nio-8082-exec-9] c.s.m.VisitorCountMapper.getTodayCount   : <==      Total: 1
2025-12-17 15:02:13.958 DEBUG 10788 --- [nio-8082-exec-9] c.s.m.VisitorCountMapper.getTotalCount   : ==>  Preparing: SELECT total_count FROM total_visitor_count
2025-12-17 15:02:13.958 DEBUG 10788 --- [nio-8082-exec-9] c.s.m.VisitorCountMapper.getTotalCount   : ==> Parameters: 
2025-12-17 15:02:13.958 DEBUG 10788 --- [nio-8082-exec-9] c.s.m.VisitorCountMapper.getTotalCount   : <==      Total: 1
2025-12-17 15:02:39.102 DEBUG 10788 --- [io-8082-exec-10] c.s.m.VisitorCountMapper.getTodayCount   : ==>  Preparing: SELECT daily_count FROM visitor_count WHERE date = ?
2025-12-17 15:02:39.102 DEBUG 10788 --- [io-8082-exec-10] c.s.m.VisitorCountMapper.getTodayCount   : ==> Parameters: 2025-12-17(LocalDate)
2025-12-17 15:02:39.103 DEBUG 10788 --- [io-8082-exec-10] c.s.m.VisitorCountMapper.getTodayCount   : <==      Total: 1
2025-12-17 15:02:39.103 DEBUG 10788 --- [io-8082-exec-10] c.s.m.VisitorCountMapper.getTotalCount   : ==>  Preparing: SELECT total_count FROM total_visitor_count
2025-12-17 15:02:39.103 DEBUG 10788 --- [io-8082-exec-10] c.s.m.VisitorCountMapper.getTotalCount   : ==> Parameters: 
2025-12-17 15:02:39.103 DEBUG 10788 --- [io-8082-exec-10] c.s.m.VisitorCountMapper.getTotalCount   : <==      Total: 1
2025-12-17 15:02:39.107 DEBUG 10788 --- [io-8082-exec-10] c.s.mapper.BoardMapper.checkViewUserIp   : ==>  Preparing: select count(*) from tvszboard_views where post_num=? and ip=?
2025-12-17 15:02:39.108 DEBUG 10788 --- [io-8082-exec-10] c.s.mapper.BoardMapper.checkViewUserIp   : ==> Parameters: 3(Integer), 0:0:0:0:0:0:0:1(String)
2025-12-17 15:02:39.110 DEBUG 10788 --- [io-8082-exec-10] c.s.mapper.BoardMapper.checkViewUserIp   : <==      Total: 1
2025-12-17 15:02:39.111 DEBUG 10788 --- [io-8082-exec-10] c.s.mapper.BoardMapper.getKoreanTitle    : ==>  Preparing: SELECT korean_title FROM board_list WHERE board_title = ?
2025-12-17 15:02:39.111 DEBUG 10788 --- [io-8082-exec-10] c.s.mapper.BoardMapper.getKoreanTitle    : ==> Parameters: tVsZBoard(String)
2025-12-17 15:02:39.111 DEBUG 10788 --- [io-8082-exec-10] c.s.mapper.BoardMapper.getKoreanTitle    : <==      Total: 1
2025-12-17 15:02:39.112 DEBUG 10788 --- [io-8082-exec-10] com.sc1hub.mapper.BoardMapper.readPost   : ==>  Preparing: select * from tvszboard where post_num=?
2025-12-17 15:02:39.112 DEBUG 10788 --- [io-8082-exec-10] com.sc1hub.mapper.BoardMapper.readPost   : ==> Parameters: 3(Integer)
2025-12-17 15:02:39.114 DEBUG 10788 --- [io-8082-exec-10] com.sc1hub.mapper.BoardMapper.readPost   : <==      Total: 1
2025-12-17 15:02:39.257 DEBUG 10788 --- [nio-8082-exec-2] c.s.m.VisitorCountMapper.getTodayCount   : ==>  Preparing: SELECT daily_count FROM visitor_count WHERE date = ?
2025-12-17 15:02:39.257 DEBUG 10788 --- [nio-8082-exec-2] c.s.m.VisitorCountMapper.getTodayCount   : ==> Parameters: 2025-12-17(LocalDate)
2025-12-17 15:02:39.257 DEBUG 10788 --- [nio-8082-exec-1] c.s.m.VisitorCountMapper.getTodayCount   : ==>  Preparing: SELECT daily_count FROM visitor_count WHERE date = ?
2025-12-17 15:02:39.258 DEBUG 10788 --- [nio-8082-exec-1] c.s.m.VisitorCountMapper.getTodayCount   : ==> Parameters: 2025-12-17(LocalDate)
2025-12-17 15:02:39.258 DEBUG 10788 --- [nio-8082-exec-2] c.s.m.VisitorCountMapper.getTodayCount   : <==      Total: 1
2025-12-17 15:02:39.258 DEBUG 10788 --- [nio-8082-exec-2] c.s.m.VisitorCountMapper.getTotalCount   : ==>  Preparing: SELECT total_count FROM total_visitor_count
2025-12-17 15:02:39.258 DEBUG 10788 --- [nio-8082-exec-3] c.s.m.VisitorCountMapper.getTodayCount   : ==>  Preparing: SELECT daily_count FROM visitor_count WHERE date = ?
2025-12-17 15:02:39.259 DEBUG 10788 --- [nio-8082-exec-3] c.s.m.VisitorCountMapper.getTodayCount   : ==> Parameters: 2025-12-17(LocalDate)
2025-12-17 15:02:39.259 DEBUG 10788 --- [nio-8082-exec-2] c.s.m.VisitorCountMapper.getTotalCount   : ==> Parameters: 
2025-12-17 15:02:39.259 DEBUG 10788 --- [nio-8082-exec-1] c.s.m.VisitorCountMapper.getTodayCount   : <==      Total: 1
2025-12-17 15:02:39.259 DEBUG 10788 --- [nio-8082-exec-1] c.s.m.VisitorCountMapper.getTotalCount   : ==>  Preparing: SELECT total_count FROM total_visitor_count
2025-12-17 15:02:39.259 DEBUG 10788 --- [nio-8082-exec-2] c.s.m.VisitorCountMapper.getTotalCount   : <==      Total: 1
2025-12-17 15:02:39.259 DEBUG 10788 --- [nio-8082-exec-1] c.s.m.VisitorCountMapper.getTotalCount   : ==> Parameters: 
2025-12-17 15:02:39.259 DEBUG 10788 --- [nio-8082-exec-3] c.s.m.VisitorCountMapper.getTodayCount   : <==      Total: 1
2025-12-17 15:02:39.259 DEBUG 10788 --- [nio-8082-exec-1] c.s.m.VisitorCountMapper.getTotalCount   : <==      Total: 1
2025-12-17 15:02:39.259 DEBUG 10788 --- [nio-8082-exec-3] c.s.m.VisitorCountMapper.getTotalCount   : ==>  Preparing: SELECT total_count FROM total_visitor_count
2025-12-17 15:02:39.260 DEBUG 10788 --- [nio-8082-exec-3] c.s.m.VisitorCountMapper.getTotalCount   : ==> Parameters: 
2025-12-17 15:02:39.260 DEBUG 10788 --- [nio-8082-exec-3] c.s.m.VisitorCountMapper.getTotalCount   : <==      Total: 1
2025-12-17 15:02:39.297 DEBUG 10788 --- [nio-8082-exec-4] c.s.m.VisitorCountMapper.getTodayCount   : ==>  Preparing: SELECT daily_count FROM visitor_count WHERE date = ?
2025-12-17 15:02:39.298 DEBUG 10788 --- [nio-8082-exec-4] c.s.m.VisitorCountMapper.getTodayCount   : ==> Parameters: 2025-12-17(LocalDate)
2025-12-17 15:02:39.299 DEBUG 10788 --- [nio-8082-exec-4] c.s.m.VisitorCountMapper.getTodayCount   : <==      Total: 1
2025-12-17 15:02:39.299 DEBUG 10788 --- [nio-8082-exec-4] c.s.m.VisitorCountMapper.getTotalCount   : ==>  Preparing: SELECT total_count FROM total_visitor_count
2025-12-17 15:02:39.299 DEBUG 10788 --- [nio-8082-exec-4] c.s.m.VisitorCountMapper.getTotalCount   : ==> Parameters: 
2025-12-17 15:02:39.300 DEBUG 10788 --- [nio-8082-exec-4] c.s.m.VisitorCountMapper.getTotalCount   : <==      Total: 1
2025-12-17 15:02:39.300 DEBUG 10788 --- [nio-8082-exec-4] c.s.mapper.BoardMapper.showLatestPosts   : ==>  Preparing: select post_num, title, reg_date, 'beginnerboard' as board_title from beginnerboard union all select post_num, title, reg_date, 'freeboard' as board_title from freeboard union all select post_num,title, reg_date, 'funboard' as board_title from funboard union all select post_num,title, reg_date, 'noticeboard' as board_title from noticeboard union all select post_num,title, reg_date, 'promotionboard' as board_title from promotionboard union all select post_num,title, reg_date, 'pvspboard' as board_title from pvspboard union all select post_num,title, reg_date, 'pvstboard' as board_title from pvstboard union all select post_num,title, reg_date, 'pvszboard' as board_title from pvszboard union all select post_num,title, reg_date, 'supportboard' as board_title from supportboard union all select post_num,title, reg_date, 'teamplayguideboard' as board_title from teamplayguideboard union all select post_num,title, reg_date, 'tipboard' as board_title from tipboard union all select post_num,title, reg_date, 'tvspboard' as board_title from tvspboard union all select post_num,title, reg_date, 'tvstboard' as board_title from tvstboard union all select post_num,title, reg_date, 'tvszboard' as board_title from tvszboard union all select post_num,title, reg_date, 'userguideboard' as board_title from userguideboard union all select post_num,title, reg_date, 'videolinkboard' as board_title from videolinkboard union all select post_num,title, reg_date, 'zvspboard' as board_title from zvspboard union all select post_num,title, reg_date, 'zvstboard' as board_title from zvstboard union all select post_num,title, reg_date, 'zvszboard' as board_title from zvszboard order by reg_date desc limit 5;
2025-12-17 15:02:39.301 DEBUG 10788 --- [nio-8082-exec-4] c.s.mapper.BoardMapper.showLatestPosts   : ==> Parameters: 
2025-12-17 15:02:39.302 DEBUG 10788 --- [nio-8082-exec-4] c.s.mapper.BoardMapper.showLatestPosts   : <==      Total: 5
2025-12-17 15:02:39.303 DEBUG 10788 --- [nio-8082-exec-6] c.s.m.VisitorCountMapper.getTodayCount   : ==>  Preparing: SELECT daily_count FROM visitor_count WHERE date = ?
2025-12-17 15:02:39.303 DEBUG 10788 --- [nio-8082-exec-6] c.s.m.VisitorCountMapper.getTodayCount   : ==> Parameters: 2025-12-17(LocalDate)
2025-12-17 15:02:39.304 DEBUG 10788 --- [nio-8082-exec-6] c.s.m.VisitorCountMapper.getTodayCount   : <==      Total: 1
2025-12-17 15:02:39.304 DEBUG 10788 --- [nio-8082-exec-6] c.s.m.VisitorCountMapper.getTotalCount   : ==>  Preparing: SELECT total_count FROM total_visitor_count
2025-12-17 15:02:39.304 DEBUG 10788 --- [nio-8082-exec-6] c.s.m.VisitorCountMapper.getTotalCount   : ==> Parameters: 
2025-12-17 15:02:39.305 DEBUG 10788 --- [nio-8082-exec-6] c.s.m.VisitorCountMapper.getTotalCount   : <==      Total: 1
2025-12-17 15:02:39.336 DEBUG 10788 --- [nio-8082-exec-5] c.s.m.VisitorCountMapper.getTodayCount   : ==>  Preparing: SELECT daily_count FROM visitor_count WHERE date = ?
2025-12-17 15:02:39.336 DEBUG 10788 --- [nio-8082-exec-5] c.s.m.VisitorCountMapper.getTodayCount   : ==> Parameters: 2025-12-17(LocalDate)
2025-12-17 15:02:39.337 DEBUG 10788 --- [nio-8082-exec-5] c.s.m.VisitorCountMapper.getTodayCount   : <==      Total: 1
2025-12-17 15:02:39.337 DEBUG 10788 --- [nio-8082-exec-5] c.s.m.VisitorCountMapper.getTotalCount   : ==>  Preparing: SELECT total_count FROM total_visitor_count
2025-12-17 15:02:39.338 DEBUG 10788 --- [nio-8082-exec-5] c.s.m.VisitorCountMapper.getTotalCount   : ==> Parameters: 
2025-12-17 15:02:39.338 DEBUG 10788 --- [nio-8082-exec-5] c.s.m.VisitorCountMapper.getTotalCount   : <==      Total: 1
2025-12-17 15:02:39.364 DEBUG 10788 --- [nio-8082-exec-7] c.s.m.VisitorCountMapper.getTodayCount   : ==>  Preparing: SELECT daily_count FROM visitor_count WHERE date = ?
2025-12-17 15:02:39.365 DEBUG 10788 --- [nio-8082-exec-7] c.s.m.VisitorCountMapper.getTodayCount   : ==> Parameters: 2025-12-17(LocalDate)
2025-12-17 15:02:39.366 DEBUG 10788 --- [nio-8082-exec-7] c.s.m.VisitorCountMapper.getTodayCount   : <==      Total: 1
2025-12-17 15:02:39.367 DEBUG 10788 --- [nio-8082-exec-7] c.s.m.VisitorCountMapper.getTotalCount   : ==>  Preparing: SELECT total_count FROM total_visitor_count
2025-12-17 15:02:39.367 DEBUG 10788 --- [nio-8082-exec-7] c.s.m.VisitorCountMapper.getTotalCount   : ==> Parameters: 
2025-12-17 15:02:39.368 DEBUG 10788 --- [nio-8082-exec-7] c.s.m.VisitorCountMapper.getTotalCount   : <==      Total: 1
2025-12-17 15:02:39.375 DEBUG 10788 --- [nio-8082-exec-5] c.s.m.BoardMapper.countTotalComment      : ==>  Preparing: select count(*) from tvszboard_comment where post_num=?
2025-12-17 15:02:39.375 DEBUG 10788 --- [nio-8082-exec-5] c.s.m.BoardMapper.countTotalComment      : ==> Parameters: 3(Integer)
2025-12-17 15:02:39.375 DEBUG 10788 --- [nio-8082-exec-5] c.s.m.BoardMapper.countTotalComment      : <==      Total: 1
2025-12-17 15:02:39.376 DEBUG 10788 --- [nio-8082-exec-5] com.sc1hub.common.util.PageService       : 페이지 서비스단계 : 페이지 계산 후 : PageDTO(pageBeginPoint=1, postEndPoint=15, postBeginPoint=0, pageEndPoint=0, prevPageSetPoint=0, nextPageSetPoint=11, totalPage=0, totalPostCount=0, recentPage=1, searchType=title, keyword=, postNum=3, displayPostLimit=15)
2025-12-17 15:02:39.395 DEBUG 10788 --- [nio-8082-exec-8] c.s.m.VisitorCountMapper.getTodayCount   : ==>  Preparing: SELECT daily_count FROM visitor_count WHERE date = ?
2025-12-17 15:02:39.395 DEBUG 10788 --- [nio-8082-exec-8] c.s.m.VisitorCountMapper.getTodayCount   : ==> Parameters: 2025-12-17(LocalDate)
2025-12-17 15:02:39.396 DEBUG 10788 --- [nio-8082-exec-8] c.s.m.VisitorCountMapper.getTodayCount   : <==      Total: 1
2025-12-17 15:02:39.396 DEBUG 10788 --- [nio-8082-exec-8] c.s.m.VisitorCountMapper.getTotalCount   : ==>  Preparing: SELECT total_count FROM total_visitor_count
2025-12-17 15:02:39.396 DEBUG 10788 --- [nio-8082-exec-8] c.s.m.VisitorCountMapper.getTotalCount   : ==> Parameters: 
2025-12-17 15:02:39.396 DEBUG 10788 --- [nio-8082-exec-8] c.s.m.VisitorCountMapper.getTotalCount   : <==      Total: 1
2025-12-17 15:02:39.398 DEBUG 10788 --- [nio-8082-exec-8] c.s.mapper.BoardMapper.showCommentList   : ==>  Preparing: select c.* from (select a.post_num, a.comment_num, a.id, a.reg_date, a.content, a.nickname as comment_nickname, a.password, b.nickname as member_nickname from tvszboard_comment a left join member b on a.id=b.id where a.post_num=? order by a.comment_num desc limit ?, ? ) c order by comment_num
2025-12-17 15:02:39.398 DEBUG 10788 --- [nio-8082-exec-8] c.s.mapper.BoardMapper.showCommentList   : ==> Parameters: 3(Integer), 0(Integer), 15(Integer)
2025-12-17 15:02:39.400 DEBUG 10788 --- [nio-8082-exec-8] c.s.mapper.BoardMapper.showCommentList   : <==      Total: 0
2025-12-17 15:02:58.997 DEBUG 10788 --- [nio-8082-exec-9] c.s.m.VisitorCountMapper.getTodayCount   : ==>  Preparing: SELECT daily_count FROM visitor_count WHERE date = ?
2025-12-17 15:02:58.997 DEBUG 10788 --- [nio-8082-exec-9] c.s.m.VisitorCountMapper.getTodayCount   : ==> Parameters: 2025-12-17(LocalDate)
2025-12-17 15:02:58.997 DEBUG 10788 --- [nio-8082-exec-9] c.s.m.VisitorCountMapper.getTodayCount   : <==      Total: 1
2025-12-17 15:02:58.997 DEBUG 10788 --- [nio-8082-exec-9] c.s.m.VisitorCountMapper.getTotalCount   : ==>  Preparing: SELECT total_count FROM total_visitor_count
2025-12-17 15:02:58.997 DEBUG 10788 --- [nio-8082-exec-9] c.s.m.VisitorCountMapper.getTotalCount   : ==> Parameters: 
2025-12-17 15:02:58.998 DEBUG 10788 --- [nio-8082-exec-9] c.s.m.VisitorCountMapper.getTotalCount   : <==      Total: 1
2025-12-17 15:02:58.998 DEBUG 10788 --- [nio-8082-exec-9] c.s.mapper.BoardMapper.checkViewUserIp   : ==>  Preparing: select count(*) from tvszboard_views where post_num=? and ip=?
2025-12-17 15:02:58.998 DEBUG 10788 --- [nio-8082-exec-9] c.s.mapper.BoardMapper.checkViewUserIp   : ==> Parameters: 3(Integer), 0:0:0:0:0:0:0:1(String)
2025-12-17 15:02:58.999 DEBUG 10788 --- [nio-8082-exec-9] c.s.mapper.BoardMapper.checkViewUserIp   : <==      Total: 1
2025-12-17 15:02:58.999 DEBUG 10788 --- [nio-8082-exec-9] c.s.mapper.BoardMapper.getKoreanTitle    : ==>  Preparing: SELECT korean_title FROM board_list WHERE board_title = ?
2025-12-17 15:02:58.999 DEBUG 10788 --- [nio-8082-exec-9] c.s.mapper.BoardMapper.getKoreanTitle    : ==> Parameters: tVsZBoard(String)
2025-12-17 15:02:59.000 DEBUG 10788 --- [nio-8082-exec-9] c.s.mapper.BoardMapper.getKoreanTitle    : <==      Total: 1
2025-12-17 15:02:59.000 DEBUG 10788 --- [nio-8082-exec-9] com.sc1hub.mapper.BoardMapper.readPost   : ==>  Preparing: select * from tvszboard where post_num=?
2025-12-17 15:02:59.000 DEBUG 10788 --- [nio-8082-exec-9] com.sc1hub.mapper.BoardMapper.readPost   : ==> Parameters: 3(Integer)
2025-12-17 15:02:59.000 DEBUG 10788 --- [nio-8082-exec-9] com.sc1hub.mapper.BoardMapper.readPost   : <==      Total: 1
2025-12-17 15:06:18.291 DEBUG 10788 --- [nio-8082-exec-6] c.s.m.VisitorCountMapper.getTodayCount   : ==>  Preparing: SELECT daily_count FROM visitor_count WHERE date = ?
2025-12-17 15:06:18.291 DEBUG 10788 --- [nio-8082-exec-6] c.s.m.VisitorCountMapper.getTodayCount   : ==> Parameters: 2025-12-17(LocalDate)
2025-12-17 15:06:18.291 DEBUG 10788 --- [nio-8082-exec-6] c.s.m.VisitorCountMapper.getTodayCount   : <==      Total: 1
2025-12-17 15:06:18.291 DEBUG 10788 --- [nio-8082-exec-6] c.s.m.VisitorCountMapper.getTotalCount   : ==>  Preparing: SELECT total_count FROM total_visitor_count
2025-12-17 15:06:18.291 DEBUG 10788 --- [nio-8082-exec-6] c.s.m.VisitorCountMapper.getTotalCount   : ==> Parameters: 
2025-12-17 15:06:18.295 DEBUG 10788 --- [nio-8082-exec-6] c.s.m.VisitorCountMapper.getTotalCount   : <==      Total: 1
2025-12-17 15:06:18.302 ERROR 10788 --- [nio-8082-exec-6] c.s.c.exception.GlobalExceptionHandler   : Exception occurred: 

org.springframework.web.HttpMediaTypeNotSupportedException: Content type 'application/x-www-form-urlencoded;charset=UTF-8' not supported
	at org.springframework.web.servlet.mvc.method.annotation.AbstractMessageConverterMethodArgumentResolver.readWithMessageConverters(AbstractMessageConverterMethodArgumentResolver.java:211) ~[spring-webmvc-5.3.22.jar:5.3.22]
	at org.springframework.web.servlet.mvc.method.annotation.RequestResponseBodyMethodProcessor.readWithMessageConverters(RequestResponseBodyMethodProcessor.java:160) ~[spring-webmvc-5.3.22.jar:5.3.22]
	at org.springframework.web.servlet.mvc.method.annotation.RequestResponseBodyMethodProcessor.resolveArgument(RequestResponseBodyMethodProcessor.java:133) ~[spring-webmvc-5.3.22.jar:5.3.22]
	at org.springframework.web.method.support.HandlerMethodArgumentResolverComposite.resolveArgument(HandlerMethodArgumentResolverComposite.java:122) ~[spring-web-5.3.22.jar:5.3.22]
	at org.springframework.web.method.support.InvocableHandlerMethod.getMethodArgumentValues(InvocableHandlerMethod.java:179) ~[spring-web-5.3.22.jar:5.3.22]
	at org.springframework.web.method.support.InvocableHandlerMethod.invokeForRequest(InvocableHandlerMethod.java:146) ~[spring-web-5.3.22.jar:5.3.22]
	at org.springframework.web.servlet.mvc.method.annotation.ServletInvocableHandlerMethod.invokeAndHandle(ServletInvocableHandlerMethod.java:117) ~[spring-webmvc-5.3.22.jar:5.3.22]
	at org.springframework.web.servlet.mvc.method.annotation.RequestMappingHandlerAdapter.invokeHandlerMethod(RequestMappingHandlerAdapter.java:895) ~[spring-webmvc-5.3.22.jar:5.3.22]
	at org.springframework.web.servlet.mvc.method.annotation.RequestMappingHandlerAdapter.handleInternal(RequestMappingHandlerAdapter.java:808) ~[spring-webmvc-5.3.22.jar:5.3.22]
	at org.springframework.web.servlet.mvc.method.AbstractHandlerMethodAdapter.handle(AbstractHandlerMethodAdapter.java:87) ~[spring-webmvc-5.3.22.jar:5.3.22]
	at org.springframework.web.servlet.DispatcherServlet.doDispatch(DispatcherServlet.java:1070) ~[spring-webmvc-5.3.22.jar:5.3.22]
	at org.springframework.web.servlet.DispatcherServlet.doService(DispatcherServlet.java:963) ~[spring-webmvc-5.3.22.jar:5.3.22]
	at org.springframework.web.servlet.FrameworkServlet.processRequest(FrameworkServlet.java:1006) ~[spring-webmvc-5.3.22.jar:5.3.22]
	at org.springframework.web.servlet.FrameworkServlet.doPost(FrameworkServlet.java:909) ~[spring-webmvc-5.3.22.jar:5.3.22]
	at javax.servlet.http.HttpServlet.service(HttpServlet.java:681) ~[tomcat-embed-core-9.0.65.jar:4.0.FR]
	at org.springframework.web.servlet.FrameworkServlet.service(FrameworkServlet.java:883) ~[spring-webmvc-5.3.22.jar:5.3.22]
	at javax.servlet.http.HttpServlet.service(HttpServlet.java:764) ~[tomcat-embed-core-9.0.65.jar:4.0.FR]
	at org.apache.catalina.core.ApplicationFilterChain.internalDoFilter(ApplicationFilterChain.java:227) ~[tomcat-embed-core-9.0.65.jar:9.0.65]
	at org.apache.catalina.core.ApplicationFilterChain.doFilter(ApplicationFilterChain.java:162) ~[tomcat-embed-core-9.0.65.jar:9.0.65]
	at org.apache.tomcat.websocket.server.WsFilter.doFilter(WsFilter.java:53) ~[tomcat-embed-websocket-9.0.65.jar:9.0.65]
	at org.apache.catalina.core.ApplicationFilterChain.internalDoFilter(ApplicationFilterChain.java:189) ~[tomcat-embed-core-9.0.65.jar:9.0.65]
	at org.apache.catalina.core.ApplicationFilterChain.doFilter(ApplicationFilterChain.java:162) ~[tomcat-embed-core-9.0.65.jar:9.0.65]
	at org.springframework.web.filter.RequestContextFilter.doFilterInternal(RequestContextFilter.java:100) ~[spring-web-5.3.22.jar:5.3.22]
	at org.springframework.web.filter.OncePerRequestFilter.doFilter(OncePerRequestFilter.java:117) ~[spring-web-5.3.22.jar:5.3.22]
	at org.apache.catalina.core.ApplicationFilterChain.internalDoFilter(ApplicationFilterChain.java:189) ~[tomcat-embed-core-9.0.65.jar:9.0.65]
	at org.apache.catalina.core.ApplicationFilterChain.doFilter(ApplicationFilterChain.java:162) ~[tomcat-embed-core-9.0.65.jar:9.0.65]
	at org.springframework.web.filter.FormContentFilter.doFilterInternal(FormContentFilter.java:93) ~[spring-web-5.3.22.jar:5.3.22]
	at org.springframework.web.filter.OncePerRequestFilter.doFilter(OncePerRequestFilter.java:117) ~[spring-web-5.3.22.jar:5.3.22]
	at org.apache.catalina.core.ApplicationFilterChain.internalDoFilter(ApplicationFilterChain.java:189) ~[tomcat-embed-core-9.0.65.jar:9.0.65]
	at org.apache.catalina.core.ApplicationFilterChain.doFilter(ApplicationFilterChain.java:162) ~[tomcat-embed-core-9.0.65.jar:9.0.65]
	at org.springframework.web.filter.CharacterEncodingFilter.doFilterInternal(CharacterEncodingFilter.java:201) ~[spring-web-5.3.22.jar:5.3.22]
	at org.springframework.web.filter.OncePerRequestFilter.doFilter(OncePerRequestFilter.java:117) ~[spring-web-5.3.22.jar:5.3.22]
	at org.apache.catalina.core.ApplicationFilterChain.internalDoFilter(ApplicationFilterChain.java:189) ~[tomcat-embed-core-9.0.65.jar:9.0.65]
	at org.apache.catalina.core.ApplicationFilterChain.doFilter(ApplicationFilterChain.java:162) ~[tomcat-embed-core-9.0.65.jar:9.0.65]
	at org.apache.catalina.core.StandardWrapperValve.invoke(StandardWrapperValve.java:197) ~[tomcat-embed-core-9.0.65.jar:9.0.65]
	at org.apache.catalina.core.StandardContextValve.invoke(StandardContextValve.java:97) ~[tomcat-embed-core-9.0.65.jar:9.0.65]
	at org.apache.catalina.authenticator.AuthenticatorBase.invoke(AuthenticatorBase.java:541) ~[tomcat-embed-core-9.0.65.jar:9.0.65]
	at org.apache.catalina.core.StandardHostValve.invoke(StandardHostValve.java:135) ~[tomcat-embed-core-9.0.65.jar:9.0.65]
	at org.apache.catalina.valves.ErrorReportValve.invoke(ErrorReportValve.java:92) ~[tomcat-embed-core-9.0.65.jar:9.0.65]
	at org.apache.catalina.core.StandardEngineValve.invoke(StandardEngineValve.java:78) ~[tomcat-embed-core-9.0.65.jar:9.0.65]
	at org.apache.catalina.connector.CoyoteAdapter.service(CoyoteAdapter.java:360) ~[tomcat-embed-core-9.0.65.jar:9.0.65]
	at org.apache.coyote.http11.Http11Processor.service(Http11Processor.java:399) ~[tomcat-embed-core-9.0.65.jar:9.0.65]
	at org.apache.coyote.AbstractProcessorLight.process(AbstractProcessorLight.java:65) ~[tomcat-embed-core-9.0.65.jar:9.0.65]
	at org.apache.coyote.AbstractProtocol$ConnectionHandler.process(AbstractProtocol.java:890) ~[tomcat-embed-core-9.0.65.jar:9.0.65]
	at org.apache.tomcat.util.net.NioEndpoint$SocketProcessor.doRun(NioEndpoint.java:1789) ~[tomcat-embed-core-9.0.65.jar:9.0.65]
	at org.apache.tomcat.util.net.SocketProcessorBase.run(SocketProcessorBase.java:49) ~[tomcat-embed-core-9.0.65.jar:9.0.65]
	at org.apache.tomcat.util.threads.ThreadPoolExecutor.runWorker(ThreadPoolExecutor.java:1191) ~[tomcat-embed-core-9.0.65.jar:9.0.65]
	at org.apache.tomcat.util.threads.ThreadPoolExecutor$Worker.run(ThreadPoolExecutor.java:659) ~[tomcat-embed-core-9.0.65.jar:9.0.65]
	at org.apache.tomcat.util.threads.TaskThread$WrappingRunnable.run(TaskThread.java:61) ~[tomcat-embed-core-9.0.65.jar:9.0.65]
	at java.base/java.lang.Thread.run(Thread.java:833) ~[na:na]

2025-12-17 15:06:18.302  WARN 10788 --- [nio-8082-exec-6] .m.m.a.ExceptionHandlerExceptionResolver : Resolved [org.springframework.web.HttpMediaTypeNotSupportedException: Content type 'application/x-www-form-urlencoded;charset=UTF-8' not supported]
